<?xml version="1.0" encoding="UTF-8"?>
<!-- Generated by org.testng.reporters.JUnitReportReporter -->
<testsuite skipped="0" hostname="DESKTOP-P1APSV9" name="com.FileOperation.File2" tests="1" failures="0" timestamp="2023-05-28T06:53:47 IST" time="0.376" errors="0">
  <testcase name="TC2" time="0.376" classname="com.FileOperation.File2"/>
  <system-out/>
</testsuite> <!-- com.FileOperation.File2 -->
