<?xml version="1.0" encoding="UTF-8"?>
<!-- Generated by org.testng.reporters.JUnitReportReporter -->
<testsuite skipped="0" hostname="DESKTOP-P1APSV9" name="com.FileOperation.CofigLoad" tests="1" failures="0" timestamp="2023-05-28T07:48:28 IST" time="0.028" errors="0">
  <testcase name="TC1" time="0.028" classname="com.FileOperation.CofigLoad"/>
  <system-out/>
</testsuite> <!-- com.FileOperation.CofigLoad -->
