<?xml version="1.0" encoding="UTF-8"?>
<!-- Generated by org.testng.reporters.JUnitReportReporter -->
<testsuite skipped="0" hostname="DESKTOP-P1APSV9" name="com.TestCases.LoginPage" tests="2" failures="0" timestamp="2023-06-04T12:25:32 IST" time="15.969" errors="0">
  <testcase name="TC1" time="7.672" classname="com.TestCases.LoginPage"/>
  <system-out/>
  <testcase name="TC2" time="8.297" classname="com.TestCases.LoginPage"/>
  <system-out/>
</testsuite> <!-- com.TestCases.LoginPage -->
