<?xml version="1.0" encoding="UTF-8"?>
<!-- Generated by org.testng.reporters.JUnitReportReporter -->
<testsuite skipped="0" hostname="DESKTOP-P1APSV9" name="com.Batch8.NewTest" tests="2" failures="0" timestamp="2023-05-27T07:41:59 IST" time="12.356" errors="0">
  <testcase name="TC1" time="7.366" classname="com.Batch8.NewTest"/>
  <system-out/>
  <testcase name="TC1" time="4.990" classname="com.Batch8.NewTest"/>
  <system-out/>
</testsuite> <!-- com.Batch8.NewTest -->
