<?xml version="1.0" encoding="UTF-8"?>
<!-- Generated by org.testng.reporters.JUnitReportReporter -->
<testsuite skipped="0" hostname="DESKTOP-P1APSV9" name="com.FileOperation.FileOptions" tests="1" failures="0" timestamp="2023-05-28T06:38:51 IST" time="0.015" errors="0">
  <testcase name="TC1" time="0.015" classname="com.FileOperation.FileOptions"/>
  <system-out/>
</testsuite> <!-- com.FileOperation.FileOptions -->
