<?xml version="1.0" encoding="UTF-8"?>
<!-- Generated by org.testng.reporters.JUnitReportReporter -->
<testsuite skipped="0" hostname="DESKTOP-P1APSV9" name="com.Batch8.SelectDemo" tests="1" failures="0" timestamp="2023-05-21T08:55:48 IST" time="22.361" errors="0">
  <testcase name="TC1" time="22.361" classname="com.Batch8.SelectDemo"/>
  <system-out/>
</testsuite> <!-- com.Batch8.SelectDemo -->
