<?xml version="1.0" encoding="UTF-8"?>
<!-- Generated by org.testng.reporters.JUnitReportReporter -->
<testsuite skipped="0" hostname="DESKTOP-P1APSV9" name="com.Batch8.Parameterss" tests="1" failures="0" timestamp="2023-05-27T07:59:26 IST" time="0.011" errors="0">
  <testcase name="Tc1" time="0.011" classname="com.Batch8.Parameterss"/>
  <system-out/>
</testsuite> <!-- com.Batch8.Parameterss -->
